{"level":"info","message":"sand@sand trying to login","timestamp":"2016-11-21T04:56:13.957Z"}
{"level":"info","message":"sand@sand failed to login","timestamp":"2016-11-21T04:56:13.985Z"}
{"level":"info","message":"sand@sand.com trying to login","timestamp":"2016-11-21T04:56:22.570Z"}
{"level":"info","message":"sand@sand.com logged in","timestamp":"2016-11-21T04:56:22.580Z"}
{"level":"info","message":"User Sandeep Kumar is being redirected to homepage","timestamp":"2016-11-21T04:56:22.595Z"}
{"level":"info","message":"User Sandeep Kumar is searching for a product in categoryundefined","timestamp":"2016-11-21T04:56:48.760Z"}
{"level":"info","message":"sand@sand trying to login","timestamp":"2016-11-28T01:28:50.378Z"}
{"level":"info","message":"sand@sand failed to login","timestamp":"2016-11-28T01:28:50.411Z"}
{"level":"info","message":"sand@sand.com trying to login","timestamp":"2016-11-28T01:28:55.372Z"}
{"level":"info","message":"sand@sand.com logged in","timestamp":"2016-11-28T01:28:55.385Z"}
{"level":"info","message":"User Sandeep Kumar is being redirected to homepage","timestamp":"2016-11-28T01:28:55.403Z"}
{"level":"info","message":"User Sandeep Kumar is being redirected to homepage","timestamp":"2016-11-28T01:29:20.971Z"}
{"level":"info","message":"User Sandeep Kumar is checking his account","timestamp":"2016-11-28T01:29:27.553Z"}
{"level":"info","message":"User Sandeep Kumar is checking his account","timestamp":"2016-11-28T01:32:51.525Z"}
{"level":"info","message":"User Sandeep Kumar is being redirected to homepage","timestamp":"2016-11-28T01:33:00.947Z"}
{"level":"info","message":"User Sandeep Kumar is checking his sell history","timestamp":"2016-11-28T01:33:09.979Z"}
{"level":"info","message":"User Sandeep Kumar is checking his sell history","timestamp":"2016-11-28T01:34:05.353Z"}
{"level":"info","message":"User Sandeep Kumar is being redirected to homepage","timestamp":"2016-11-28T01:34:10.254Z"}
{"level":"info","message":"User Sandeep Kumar is checking the items in his cart","timestamp":"2016-11-28T01:34:17.643Z"}
{"level":"info","message":"User Sandeep Kumar is checking the items in his cart","timestamp":"2016-11-28T01:35:08.421Z"}
{"level":"info","message":"User Sandeep Kumar is checking the items in his cart","timestamp":"2016-11-28T01:35:39.451Z"}
{"level":"info","message":"User Sandeep Kumar is being redirected to homepage","timestamp":"2016-11-28T01:35:52.003Z"}
{"level":"info","message":"User Sandeep Kumar is checking his bid history","timestamp":"2016-11-28T01:39:13.535Z"}
{"level":"info","message":"User Sandeep Kumar is being redirected to homepage","timestamp":"2016-11-28T01:39:16.421Z"}
{"level":"info","message":"User Sandeep Kumar is checking the items in his cart","timestamp":"2016-11-28T01:39:18.158Z"}
{"level":"info","message":"User Sandeep Kumar is being redirected to homepage","timestamp":"2016-11-28T01:39:19.730Z"}
{"level":"info","message":"User Sandeep Kumar is checking his account","timestamp":"2016-11-28T01:39:20.704Z"}
{"level":"info","message":"User Sandeep Kumar is being redirected to homepage","timestamp":"2016-11-28T01:39:25.072Z"}
{"level":"info","message":"User Sandeep Kumar is checking his account","timestamp":"2016-11-28T01:39:27.259Z"}
{"level":"info","message":"User Sandeep Kumar is being redirected to homepage","timestamp":"2016-11-28T01:39:34.462Z"}
{"level":"info","message":"User Sandeep Kumar is being redirected to homepage","timestamp":"2016-11-28T01:39:36.052Z"}
{"level":"info","message":"User Sandeep Kumar is being redirected to homepage","timestamp":"2016-11-28T01:39:37.126Z"}
{"level":"info","message":"User Sandeep Kumar is being redirected to homepage","timestamp":"2016-11-28T01:39:37.866Z"}
{"level":"info","message":"User Sandeep Kumar is being redirected to homepage","timestamp":"2016-11-28T01:39:39.294Z"}
{"level":"info","message":"User Sandeep Kumar is being redirected to homepage","timestamp":"2016-11-28T01:49:13.840Z"}
{"level":"info","message":"User Sandeep Kumar is being redirected to homepage","timestamp":"2016-11-28T01:54:24.241Z"}
{"level":"info","message":"User Sandeep Kumar is being redirected to homepage","timestamp":"2016-11-28T01:54:40.197Z"}
{"level":"info","message":"User Sandeep Kumar is being redirected to homepage","timestamp":"2016-11-28T01:56:20.358Z"}
{"level":"info","message":"User Sandeep Kumar is being redirected to homepage","timestamp":"2016-11-28T01:56:37.579Z"}
{"level":"info","message":"New user sand@sand.com trying to register","timestamp":"2016-12-02T04:45:20.673Z"}
{"level":"info","message":"New user sand@sand.com trying to register","timestamp":"2016-12-02T04:48:24.900Z"}
{"level":"info","message":"sand@sand.com trying to login","timestamp":"2016-12-02T04:48:33.776Z"}
{"level":"info","message":"sand@sand.com logged in","timestamp":"2016-12-02T04:48:34.654Z"}
{"level":"info","message":"User Sandeep is being redirected to homepage","timestamp":"2016-12-02T04:48:34.678Z"}
{"level":"info","message":"User Sandeep is trying to sell a product","timestamp":"2016-12-02T04:50:48.511Z"}
{"level":"info","message":"User Sandeep is trying to sell a product directly","timestamp":"2016-12-02T04:51:26.593Z"}
{"level":"info","message":"User Sandeep is being redirected to homepage","timestamp":"2016-12-02T04:51:27.307Z"}
{"level":"info","message":"User Sandeep is viewing product 5840fdcf6b5221029d8d37d8","timestamp":"2016-12-02T04:51:33.324Z"}
{"level":"info","message":"sand@sand.com trying to login","timestamp":"2016-12-02T06:26:22.466Z"}
{"level":"info","message":"sand@sand.com logged in","timestamp":"2016-12-02T06:26:23.905Z"}
{"level":"info","message":"User Sandeep is being redirected to homepage","timestamp":"2016-12-02T06:26:23.925Z"}
{"level":"info","message":"User Sandeep is viewing product 5840fdcf6b5221029d8d37d8","timestamp":"2016-12-02T06:26:35.096Z"}
{"level":"info","message":"User Sandeep is being redirected to homepage","timestamp":"2016-12-02T06:26:40.079Z"}
{"level":"info","message":"User Sandeep is trying to sell a product","timestamp":"2016-12-02T06:26:42.111Z"}
{"level":"info","message":"User Sandeep is being redirected to homepage","timestamp":"2016-12-02T06:26:53.838Z"}
{"level":"info","message":"User Sandeep is viewing product 5840fdcf6b5221029d8d37d8","timestamp":"2016-12-02T06:26:57.240Z"}
{"level":"info","message":"User Sandeep is adding product5840fdcf6b5221029d8d37d8to his cart","timestamp":"2016-12-02T06:26:59.790Z"}
{"level":"info","message":"User Sandeep is checking the items in his cart","timestamp":"2016-12-02T06:27:00.597Z"}
{"level":"info","message":"User Sandeep is checking the items in his cart","timestamp":"2016-12-02T06:27:45.795Z"}
{"level":"info","message":"User Sandeep is being redirected to homepage","timestamp":"2016-12-02T06:27:52.630Z"}
{"level":"info","message":"User Sandeep is checking the items in his cart","timestamp":"2016-12-02T06:28:05.982Z"}
{"level":"info","message":"User Sandeep is ready to make a payment","timestamp":"2016-12-02T06:28:11.640Z"}
{"level":"info","message":"User Sandeep is trying to do a cart checkout","timestamp":"2016-12-02T06:28:23.333Z"}
{"level":"info","message":"User Sandeep is being redirected to homepage","timestamp":"2016-12-02T06:28:43.596Z"}
{"level":"info","message":"User Sandeep is trying to sell a product","timestamp":"2016-12-02T06:28:57.380Z"}
{"level":"info","message":"sand@sand trying to login","timestamp":"2016-12-02T07:01:06.328Z"}
{"level":"info","message":"sand@sand failed to login","timestamp":"2016-12-02T07:01:07.127Z"}
{"level":"info","message":"sand@sand.com trying to login","timestamp":"2016-12-02T07:01:12.224Z"}
{"level":"info","message":"sand@sand.com logged in","timestamp":"2016-12-02T07:01:13.334Z"}
{"level":"info","message":"User Sandeep is being redirected to homepage","timestamp":"2016-12-02T07:01:13.352Z"}
{"level":"info","message":"User Sandeep is trying to sell a product","timestamp":"2016-12-02T07:01:17.634Z"}
{"level":"info","message":"User Sandeep is trying to sell a product directly","timestamp":"2016-12-02T07:01:33.251Z"}
{"level":"info","message":"User Sandeep is being redirected to homepage","timestamp":"2016-12-02T07:01:34.518Z"}
{"level":"info","message":"sand@sand trying to login","timestamp":"2016-12-03T04:50:12.644Z"}
{"level":"info","message":"sand@sand.com trying to login","timestamp":"2016-12-03T04:50:59.647Z"}
{"level":"info","message":"sand@sand.com logged in","timestamp":"2016-12-03T04:51:08.196Z"}
{"level":"info","message":"User Sandeep is being redirected to homepage","timestamp":"2016-12-03T04:51:08.232Z"}
{"level":"info","message":"User Sandeep is trying to sell a product","timestamp":"2016-12-03T04:51:26.185Z"}
{"level":"info","message":"User Sandeep is trying to sell a product","timestamp":"2016-12-03T04:54:03.709Z"}
{"level":"info","message":"User Sandeep is trying to sell a product","timestamp":"2016-12-03T04:54:30.839Z"}
{"level":"info","message":"sand@sand trying to login","timestamp":"2016-12-03T04:56:35.097Z"}
{"level":"info","message":"sand@sand failed to login","timestamp":"2016-12-03T04:56:35.126Z"}
{"level":"info","message":"sand@sand.com trying to login","timestamp":"2016-12-03T04:56:42.286Z"}
{"level":"info","message":"sand@sand.com logged in","timestamp":"2016-12-03T04:56:42.302Z"}
{"level":"info","message":"User Sandeep Kumar is being redirected to homepage","timestamp":"2016-12-03T04:56:42.319Z"}
{"level":"info","message":"User Sandeep Kumar is trying to sell a product","timestamp":"2016-12-03T04:56:47.786Z"}
{"level":"info","message":"User Sandeep Kumar is trying to sell a product directly","timestamp":"2016-12-03T04:57:16.079Z"}
{"level":"info","message":"User Sandeep Kumar is being redirected to homepage","timestamp":"2016-12-03T04:59:35.383Z"}
{"level":"info","message":"User Sandeep Kumar is trying to sell a product","timestamp":"2016-12-03T04:59:41.108Z"}
{"level":"info","message":"User Sandeep Kumar is trying to sell a product directly","timestamp":"2016-12-03T04:59:57.375Z"}
{"level":"info","message":"User Sandeep Kumar is trying to sell a product directly","timestamp":"2016-12-03T05:00:30.408Z"}
{"level":"info","message":"User Sandeep Kumar is trying to sell a product","timestamp":"2016-12-03T05:00:34.505Z"}
{"level":"info","message":"User Sandeep Kumar is trying to sell a product directly","timestamp":"2016-12-03T05:00:49.145Z"}
{"level":"info","message":"User Sandeep Kumar is trying to sell a product","timestamp":"2016-12-03T05:05:46.995Z"}
{"level":"info","message":"User Sandeep Kumar is trying to sell a product directly","timestamp":"2016-12-03T05:06:04.224Z"}
{"level":"info","message":"User Sandeep Kumar is trying to sell a product","timestamp":"2016-12-03T05:10:06.052Z"}
{"level":"info","message":"User Sandeep Kumar is trying to sell a product directly","timestamp":"2016-12-03T05:10:26.012Z"}
{"level":"info","message":"User Sandeep Kumar is trying to sell a product","timestamp":"2016-12-03T05:11:27.616Z"}
{"level":"info","message":"User Sandeep Kumar is trying to sell a product directly","timestamp":"2016-12-03T05:11:43.928Z"}
{"level":"info","message":"User Sandeep Kumar is trying to sell a product","timestamp":"2016-12-03T05:15:49.642Z"}
{"level":"info","message":"User Sandeep Kumar is being redirected to homepage","timestamp":"2016-12-03T05:15:54.216Z"}
{"level":"info","message":"User Sandeep Kumar is trying to sell a product","timestamp":"2016-12-03T05:16:00.033Z"}
{"level":"info","message":"User Sandeep Kumar is trying to sell a product directly","timestamp":"2016-12-03T05:16:16.851Z"}
{"level":"info","message":"User Sandeep Kumar is being redirected to homepage","timestamp":"2016-12-03T05:23:06.720Z"}
{"level":"info","message":"User Sandeep Kumar is trying to sell a product","timestamp":"2016-12-03T05:23:10.243Z"}
{"level":"info","message":"User Sandeep Kumar is trying to sell a product directly","timestamp":"2016-12-03T05:23:26.041Z"}
{"level":"info","message":"sand@sand trying to login","timestamp":"2016-12-03T05:26:19.888Z"}
{"level":"info","message":"sand@sand failed to login","timestamp":"2016-12-03T05:26:19.905Z"}
{"level":"info","message":"sand@sand.com trying to login","timestamp":"2016-12-03T05:26:27.011Z"}
{"level":"info","message":"sand@sand.com logged in","timestamp":"2016-12-03T05:26:27.025Z"}
{"level":"info","message":"User Sandeep Kumar is being redirected to homepage","timestamp":"2016-12-03T05:26:27.038Z"}
{"level":"info","message":"sand@sand.com trying to login","timestamp":"2016-12-03T05:58:03.732Z"}
{"level":"info","message":"sand@sand.com logged in","timestamp":"2016-12-03T05:58:03.755Z"}
{"level":"info","message":"User Sandeep Kumar is being redirected to homepage","timestamp":"2016-12-03T05:58:03.770Z"}
{"level":"info","message":"User Sandeep Kumar is trying to sell a product","timestamp":"2016-12-03T05:58:07.035Z"}
{"level":"info","message":"User Sandeep Kumar is trying to sell a product directly","timestamp":"2016-12-03T05:58:36.867Z"}
{"level":"info","message":"User Sandeep Kumar is trying to sell a product","timestamp":"2016-12-03T05:59:24.914Z"}
{"level":"info","message":"User Sandeep Kumar is trying to sell a product directly","timestamp":"2016-12-03T05:59:38.810Z"}
{"level":"info","message":"User Sandeep Kumar is trying to sell a product","timestamp":"2016-12-03T06:00:37.874Z"}
{"level":"info","message":"User Sandeep Kumar is trying to sell a product directly","timestamp":"2016-12-03T06:00:50.887Z"}
{"level":"info","message":"User Sandeep Kumar is trying to sell a product","timestamp":"2016-12-03T06:01:09.859Z"}
{"level":"info","message":"User Sandeep Kumar is trying to sell a product directly","timestamp":"2016-12-03T06:01:22.466Z"}
{"level":"info","message":"User Sandeep Kumar is being redirected to homepage","timestamp":"2016-12-03T06:01:22.668Z"}
{"level":"info","message":"User Sandeep Kumar is trying to sell a product","timestamp":"2016-12-03T06:02:22.973Z"}
{"level":"info","message":"User Sandeep Kumar is trying to sell a product directly","timestamp":"2016-12-03T06:02:36.084Z"}
{"level":"info","message":"User Sandeep Kumar is being redirected to homepage","timestamp":"2016-12-03T06:02:36.251Z"}
{"level":"info","message":"User Sandeep Kumar is being redirected to homepage","timestamp":"2016-12-03T06:03:40.491Z"}
{"level":"info","message":"User Sandeep Kumar is trying to sell a product","timestamp":"2016-12-03T06:03:43.429Z"}
{"level":"info","message":"User Sandeep Kumar is trying to sell a product directly","timestamp":"2016-12-03T06:03:54.212Z"}
{"level":"info","message":"User Sandeep Kumar is being redirected to homepage","timestamp":"2016-12-03T06:03:54.382Z"}
{"level":"info","message":"User Sandeep Kumar is trying to sell a product","timestamp":"2016-12-03T06:03:59.570Z"}
{"level":"info","message":"User Sandeep Kumar is trying to sell a product","timestamp":"2016-12-03T06:04:35.910Z"}
{"level":"info","message":"User Sandeep Kumar is trying to sell a product directly","timestamp":"2016-12-03T06:13:56.726Z"}
{"level":"info","message":"User Sandeep Kumar is being redirected to homepage","timestamp":"2016-12-03T06:13:56.776Z"}
{"level":"info","message":"User Sandeep Kumar is trying to sell a product","timestamp":"2016-12-03T06:15:28.836Z"}
{"level":"info","message":"User Sandeep Kumar is being redirected to homepage","timestamp":"2016-12-03T06:16:19.282Z"}
{"level":"info","message":"sand@sand.com trying to login","timestamp":"2016-12-03T06:30:08.345Z"}
{"level":"info","message":"sand@sand.com logged in","timestamp":"2016-12-03T06:30:08.372Z"}
{"level":"info","message":"User Sandeep Kumar is being redirected to homepage","timestamp":"2016-12-03T06:30:08.391Z"}
{"level":"info","message":"User Sandeep Kumar is trying to sell a product","timestamp":"2016-12-03T06:30:10.809Z"}
{"level":"info","message":"User Sandeep Kumar is trying to sell a product directly","timestamp":"2016-12-03T06:30:26.494Z"}
{"level":"info","message":"User Sandeep Kumar is being redirected to homepage","timestamp":"2016-12-03T06:30:26.524Z"}
{"level":"info","message":"User Sandeep Kumar is trying to sell a product","timestamp":"2016-12-03T06:31:26.839Z"}
{"level":"info","message":"User Sandeep Kumar is trying to sell a product directly","timestamp":"2016-12-03T06:31:36.616Z"}
{"level":"info","message":"User Sandeep Kumar is being redirected to homepage","timestamp":"2016-12-03T06:31:36.631Z"}
{"level":"info","message":"User Sandeep Kumar is trying to sell a product","timestamp":"2016-12-03T06:33:34.595Z"}
{"level":"info","message":"User Sandeep Kumar is trying to sell a product directly","timestamp":"2016-12-03T06:33:47.383Z"}
{"level":"info","message":"User Sandeep Kumar is being redirected to homepage","timestamp":"2016-12-03T06:33:47.543Z"}
{"level":"info","message":"User Sandeep Kumar is trying to sell a product","timestamp":"2016-12-03T06:35:50.339Z"}
{"level":"info","message":"User Sandeep Kumar is trying to sell a product directly","timestamp":"2016-12-03T06:36:03.634Z"}
{"level":"info","message":"User Sandeep Kumar is being redirected to homepage","timestamp":"2016-12-03T06:36:03.664Z"}
{"level":"info","message":"User Sandeep Kumar is being redirected to homepage","timestamp":"2016-12-03T06:36:47.634Z"}
{"level":"info","message":"User Sandeep Kumar is being redirected to homepage","timestamp":"2016-12-03T06:37:02.182Z"}
{"level":"info","message":"User Sandeep Kumar is trying to sell a product","timestamp":"2016-12-03T06:37:47.957Z"}
{"level":"info","message":"User Sandeep Kumar is trying to sell a product directly","timestamp":"2016-12-03T06:37:58.202Z"}
{"level":"info","message":"User Sandeep Kumar is being redirected to homepage","timestamp":"2016-12-03T06:37:58.227Z"}
{"level":"info","message":"User Sandeep Kumar is trying to sell a product","timestamp":"2016-12-03T06:43:35.076Z"}
{"level":"info","message":"User Sandeep Kumar is trying to sell a product directly","timestamp":"2016-12-03T06:43:48.629Z"}
{"level":"info","message":"User Sandeep Kumar is trying to sell a product","timestamp":"2016-12-03T06:44:20.489Z"}
{"level":"info","message":"User Sandeep Kumar is trying to sell a product directly","timestamp":"2016-12-03T06:44:33.698Z"}
{"level":"info","message":"User Sandeep Kumar is trying to sell a product","timestamp":"2016-12-03T06:45:02.491Z"}
{"level":"info","message":"User Sandeep Kumar is trying to sell a product directly","timestamp":"2016-12-03T06:45:13.909Z"}
{"level":"info","message":"sand@sand.com trying to login","timestamp":"2016-12-03T07:06:15.715Z"}
{"level":"info","message":"sand@sand.com logged in","timestamp":"2016-12-03T07:06:15.741Z"}
{"level":"info","message":"User Sandeep Kumar is being redirected to homepage","timestamp":"2016-12-03T07:06:15.761Z"}
{"level":"info","message":"User Sandeep Kumar is trying to sell a product","timestamp":"2016-12-03T07:06:18.946Z"}
{"level":"info","message":"User Sandeep Kumar is trying to sell a product directly","timestamp":"2016-12-03T07:06:35.803Z"}
{"level":"info","message":"User Sandeep Kumar is trying to sell a product","timestamp":"2016-12-03T07:11:55.782Z"}
{"level":"info","message":"User Sandeep Kumar is trying to sell a product directly","timestamp":"2016-12-03T07:12:10.366Z"}
{"level":"info","message":"User Sandeep Kumar is trying to sell a product","timestamp":"2016-12-03T07:12:39.037Z"}
{"level":"info","message":"User Sandeep Kumar is trying to sell a product directly","timestamp":"2016-12-03T07:12:48.857Z"}
{"level":"info","message":"User Sandeep Kumar is trying to sell a product","timestamp":"2016-12-03T07:14:57.064Z"}
{"level":"info","message":"User Sandeep Kumar is trying to sell a product directly","timestamp":"2016-12-03T07:15:09.227Z"}
{"level":"info","message":"User Sandeep Kumar is being redirected to homepage","timestamp":"2016-12-03T07:15:09.311Z"}
{"level":"info","message":"User Sandeep Kumar is trying to sell a product","timestamp":"2016-12-03T07:17:11.309Z"}
{"level":"info","message":"User Sandeep Kumar is trying to sell a product directly","timestamp":"2016-12-03T07:17:21.436Z"}
{"level":"info","message":"User Sandeep Kumar is trying to sell a product","timestamp":"2016-12-03T07:23:33.280Z"}
{"level":"info","message":"User Sandeep Kumar is trying to sell a product","timestamp":"2016-12-03T07:23:33.345Z"}
{"level":"info","message":"User Sandeep Kumar is trying to sell a product directly","timestamp":"2016-12-03T07:23:43.380Z"}
{"level":"info","message":"User Sandeep Kumar is being redirected to homepage","timestamp":"2016-12-03T07:23:43.453Z"}
{"level":"info","message":"User Sandeep Kumar is being redirected to homepage","timestamp":"2016-12-03T07:25:49.923Z"}
{"level":"info","message":"User Sandeep Kumar is trying to sell a product","timestamp":"2016-12-03T07:25:52.017Z"}
{"level":"info","message":"User Sandeep Kumar is trying to sell a product directly","timestamp":"2016-12-03T07:26:01.075Z"}
{"level":"info","message":"User Sandeep Kumar is being redirected to homepage","timestamp":"2016-12-03T07:26:01.126Z"}
{"level":"info","message":"User Sandeep Kumar is trying to sell a product","timestamp":"2016-12-03T07:27:36.415Z"}
{"level":"info","message":"User Sandeep Kumar is trying to sell a product directly","timestamp":"2016-12-03T07:27:48.999Z"}
{"level":"info","message":"User Sandeep Kumar is being redirected to homepage","timestamp":"2016-12-03T07:27:49.056Z"}
{"level":"info","message":"User Sandeep Kumar is trying to sell a product","timestamp":"2016-12-03T07:29:23.197Z"}
{"level":"info","message":"User Sandeep Kumar is trying to sell a product directly","timestamp":"2016-12-03T07:29:34.301Z"}
{"level":"info","message":"User Sandeep Kumar is being redirected to homepage","timestamp":"2016-12-03T07:29:34.360Z"}
{"level":"info","message":"User Sandeep Kumar is trying to sell a product","timestamp":"2016-12-03T07:30:43.588Z"}
{"level":"info","message":"User Sandeep Kumar is trying to sell a product directly","timestamp":"2016-12-03T07:30:54.564Z"}
{"level":"info","message":"User Sandeep Kumar is being redirected to homepage","timestamp":"2016-12-03T07:30:54.639Z"}
{"level":"info","message":"User Sandeep Kumar is being redirected to homepage","timestamp":"2016-12-03T07:32:24.825Z"}
{"level":"info","message":"User Sandeep Kumar is trying to sell a product","timestamp":"2016-12-03T07:32:27.400Z"}
{"level":"info","message":"User Sandeep Kumar is trying to sell a product directly","timestamp":"2016-12-03T07:32:36.549Z"}
{"level":"info","message":"User Sandeep Kumar is being redirected to homepage","timestamp":"2016-12-03T07:32:41.305Z"}
{"level":"info","message":"User Sandeep Kumar is being redirected to homepage","timestamp":"2016-12-03T07:40:26.680Z"}
{"level":"info","message":"User Sandeep Kumar is being redirected to homepage","timestamp":"2016-12-03T07:40:38.391Z"}
{"level":"info","message":"User Sandeep Kumar is being redirected to homepage","timestamp":"2016-12-03T07:50:13.597Z"}
{"level":"info","message":"User Sandeep Kumar is being redirected to homepage","timestamp":"2016-12-03T07:52:52.971Z"}
{"level":"info","message":"User Sandeep Kumar is being redirected to homepage","timestamp":"2016-12-03T07:53:30.346Z"}
{"level":"info","message":"User Sandeep Kumar is being redirected to homepage","timestamp":"2016-12-03T07:54:03.512Z"}
{"level":"info","message":"User Sandeep Kumar is being redirected to homepage","timestamp":"2016-12-03T07:54:10.188Z"}
{"level":"info","message":"User Sandeep Kumar is being redirected to homepage","timestamp":"2016-12-03T07:54:28.104Z"}
{"level":"info","message":"User Sandeep Kumar is being redirected to homepage","timestamp":"2016-12-03T07:55:02.192Z"}
{"level":"info","message":"User Sandeep Kumar is being redirected to homepage","timestamp":"2016-12-03T07:55:30.450Z"}
{"level":"info","message":"User Sandeep Kumar is being redirected to homepage","timestamp":"2016-12-03T08:03:03.671Z"}
{"level":"info","message":"User Sandeep Kumar is being redirected to homepage","timestamp":"2016-12-03T08:06:04.810Z"}
{"level":"info","message":"User Sandeep Kumar is being redirected to homepage","timestamp":"2016-12-03T08:09:26.720Z"}
{"level":"info","message":"User Sandeep Kumar is being redirected to homepage","timestamp":"2016-12-03T08:09:51.148Z"}
{"level":"info","message":"User Sandeep Kumar is being redirected to homepage","timestamp":"2016-12-03T08:10:06.754Z"}
{"level":"info","message":"User Sandeep Kumar is being redirected to homepage","timestamp":"2016-12-03T08:10:29.859Z"}
{"level":"info","message":"User Sandeep Kumar is trying to sell a product","timestamp":"2016-12-03T08:13:01.500Z"}
{"level":"info","message":"User Sandeep Kumar is trying to sell a product directly","timestamp":"2016-12-03T08:13:27.524Z"}
{"level":"info","message":"User Sandeep Kumar is being redirected to homepage","timestamp":"2016-12-03T08:13:28.402Z"}
{"level":"info","message":"User Sandeep Kumar is being redirected to homepage","timestamp":"2016-12-03T08:14:07.002Z"}
{"level":"info","message":"User Sandeep Kumar is being redirected to homepage","timestamp":"2016-12-03T08:14:16.728Z"}
{"level":"info","message":"User Sandeep Kumar is being redirected to homepage","timestamp":"2016-12-03T08:14:29.769Z"}
{"level":"info","message":"User Sandeep Kumar is being redirected to homepage","timestamp":"2016-12-03T08:14:51.816Z"}
{"level":"info","message":"User Sandeep Kumar is being redirected to homepage","timestamp":"2016-12-03T08:15:37.858Z"}
{"level":"info","message":"User Sandeep Kumar is being redirected to homepage","timestamp":"2016-12-03T08:15:44.567Z"}
{"level":"info","message":"User Sandeep Kumar is being redirected to homepage","timestamp":"2016-12-03T08:15:53.256Z"}
{"level":"info","message":"User Sandeep Kumar is being redirected to homepage","timestamp":"2016-12-03T08:16:01.937Z"}
{"level":"info","message":"User Sandeep Kumar is being redirected to homepage","timestamp":"2016-12-03T08:16:08.589Z"}
{"level":"info","message":"User Sandeep Kumar is viewing product 58427ea808654b087772f793","timestamp":"2016-12-03T08:17:51.125Z"}
{"level":"info","message":"User Sandeep Kumar is being redirected to homepage","timestamp":"2016-12-03T08:17:54.027Z"}
{"level":"info","message":"User Sandeep Kumar is being redirected to homepage","timestamp":"2016-12-03T08:21:33.440Z"}
{"level":"info","message":"User Sandeep Kumar is being redirected to homepage","timestamp":"2016-12-03T08:21:54.839Z"}
{"level":"info","message":"User Sandeep Kumar is trying to sell a product","timestamp":"2016-12-03T08:22:33.152Z"}
{"level":"info","message":"User Sandeep Kumar is trying to sell a product directly","timestamp":"2016-12-03T08:22:58.257Z"}
{"level":"info","message":"User Sandeep Kumar is being redirected to homepage","timestamp":"2016-12-03T08:22:59.982Z"}
{"level":"info","message":"User Sandeep Kumar is trying to sell a product","timestamp":"2016-12-03T08:23:05.999Z"}
{"level":"info","message":"User Sandeep Kumar is trying to sell a product directly","timestamp":"2016-12-03T08:23:38.461Z"}
{"level":"info","message":"User Sandeep Kumar is being redirected to homepage","timestamp":"2016-12-03T08:23:39.211Z"}
{"level":"info","message":"User Sandeep Kumar is being redirected to homepage","timestamp":"2016-12-03T08:24:36.535Z"}
{"level":"info","message":"User Sandeep Kumar is being redirected to homepage","timestamp":"2016-12-03T08:24:50.666Z"}
{"level":"info","message":"User Sandeep Kumar is being redirected to homepage","timestamp":"2016-12-03T08:26:07.190Z"}
{"level":"info","message":"User Sandeep Kumar is viewing product 5842810b08654b087772f795","timestamp":"2016-12-03T08:26:13.704Z"}
{"level":"info","message":"User Sandeep Kumar is being redirected to homepage","timestamp":"2016-12-03T08:30:07.340Z"}
{"level":"info","message":"User Sandeep Kumar is viewing product 5842810b08654b087772f795","timestamp":"2016-12-03T08:30:12.915Z"}
{"level":"info","message":"sand@sand.com trying to login","timestamp":"2016-12-03T18:51:47.364Z"}
{"level":"info","message":"sand@sand.com logged in","timestamp":"2016-12-03T18:51:47.390Z"}
{"level":"info","message":"User Sandeep Kumar is being redirected to homepage","timestamp":"2016-12-03T18:51:47.408Z"}
{"level":"info","message":"User Sandeep Kumar is viewing product 5842810b08654b087772f795","timestamp":"2016-12-03T18:51:49.673Z"}
{"level":"info","message":"User Sandeep Kumar is being redirected to homepage","timestamp":"2016-12-03T18:52:20.461Z"}
{"level":"info","message":"User Sandeep Kumar is viewing product 584280e308654b087772f794","timestamp":"2016-12-03T18:52:23.695Z"}
{"level":"info","message":"User Sandeep Kumar is being redirected to homepage","timestamp":"2016-12-03T18:53:31.223Z"}
{"level":"info","message":"sand@sand trying to login","timestamp":"2016-12-06T03:08:16.252Z"}
{"level":"info","message":"sand@sand failed to login","timestamp":"2016-12-06T03:08:16.276Z"}
{"level":"info","message":"sand@sand.com trying to login","timestamp":"2016-12-06T03:08:22.708Z"}
{"level":"info","message":"sand@sand.com logged in","timestamp":"2016-12-06T03:08:22.718Z"}
{"level":"info","message":"User Sandeep Kumar is being redirected to homepage","timestamp":"2016-12-06T03:08:22.751Z"}
{"level":"info","message":"User Sandeep Kumar is viewing product 5842810b08654b087772f795","timestamp":"2016-12-06T03:10:55.142Z"}
{"level":"info","message":"User Sandeep Kumar is adding product5842810b08654b087772f795to his cart","timestamp":"2016-12-06T03:11:17.653Z"}
{"level":"info","message":"User Sandeep Kumar is checking the items in his cart","timestamp":"2016-12-06T03:11:17.729Z"}
{"level":"info","message":"User Sandeep Kumar is ready to make a payment","timestamp":"2016-12-06T03:11:26.906Z"}
{"level":"info","message":"User Sandeep Kumar is trying to do a cart checkout","timestamp":"2016-12-06T03:11:37.523Z"}
{"level":"info","message":"User Sandeep Kumar is trying to do a cart checkout","timestamp":"2016-12-06T03:11:40.579Z"}
{"level":"info","message":"User Sandeep Kumar is being redirected to homepage","timestamp":"2016-12-06T03:11:42.556Z"}
{"level":"info","message":"User Sandeep Kumar is checking his purchase history","timestamp":"2016-12-06T03:11:46.126Z"}
{"level":"info","message":"User Sandeep Kumar is being redirected to homepage","timestamp":"2016-12-06T03:11:49.531Z"}
{"level":"info","message":"User Sandeep Kumar is checking the items in his cart","timestamp":"2016-12-06T03:11:51.490Z"}
{"level":"info","message":"User Sandeep Kumar is being redirected to homepage","timestamp":"2016-12-06T03:11:58.792Z"}
{"level":"info","message":"User Sandeep Kumar is checking the items in his cart","timestamp":"2016-12-06T03:12:02.809Z"}
{"level":"info","message":"User Sandeep Kumar is being redirected to homepage","timestamp":"2016-12-06T03:12:05.054Z"}
{"level":"info","message":"User Sandeep Kumar is trying to sell a product","timestamp":"2016-12-06T03:12:07.330Z"}
{"level":"info","message":"User Sandeep Kumar is trying to sell a product directly","timestamp":"2016-12-06T03:13:32.440Z"}
{"level":"info","message":"User Sandeep Kumar is being redirected to homepage","timestamp":"2016-12-06T03:13:33.168Z"}
{"level":"info","message":"User Sandeep Kumar is viewing product 58462cddcb60e40ebca355a4","timestamp":"2016-12-06T03:13:38.689Z"}
{"level":"info","message":"User Sandeep Kumar is being redirected to homepage","timestamp":"2016-12-06T03:13:44.207Z"}
{"level":"info","message":"User Sandeep Kumar is checking his account","timestamp":"2016-12-06T03:14:30.810Z"}
{"level":"info","message":"User Sandeep Kumar is being redirected to homepage","timestamp":"2016-12-06T03:20:00.286Z"}
{"level":"info","message":"User Sandeep Kumar is trying to sell a product","timestamp":"2016-12-06T03:20:04.064Z"}
{"level":"info","message":"sand@sand trying to login","timestamp":"2016-12-08T23:24:53.033Z"}
{"level":"info","message":"sand@sand failed to login","timestamp":"2016-12-08T23:24:53.056Z"}
{"level":"info","message":"sand@sand.com trying to login","timestamp":"2016-12-08T23:24:57.823Z"}
{"level":"info","message":"sand@sand.com logged in","timestamp":"2016-12-08T23:24:57.833Z"}
{"level":"info","message":"User Sandeep Kumar is being redirected to homepage","timestamp":"2016-12-08T23:24:57.849Z"}
{"level":"info","message":"User Sandeep Kumar is viewing product 58462cddcb60e40ebca355a4","timestamp":"2016-12-08T23:25:11.752Z"}
{"level":"info","message":"User Sandeep Kumar is adding product58462cddcb60e40ebca355a4to his cart","timestamp":"2016-12-08T23:25:27.929Z"}
{"level":"info","message":"User Sandeep Kumar is checking the items in his cart","timestamp":"2016-12-08T23:25:27.992Z"}
{"level":"info","message":"User Sandeep Kumar is removing product 58462cddcb60e40ebca355a4 from his cart","timestamp":"2016-12-08T23:25:31.641Z"}
{"level":"info","message":"User Sandeep Kumar is checking the items in his cart","timestamp":"2016-12-08T23:25:31.650Z"}
{"level":"info","message":"User Sandeep Kumar is being redirected to homepage","timestamp":"2016-12-08T23:25:33.566Z"}
{"level":"info","message":"User Sandeep Kumar is trying to sell a product","timestamp":"2016-12-08T23:25:38.299Z"}
{"level":"info","message":"User Sandeep Kumar is trying to sell a product","timestamp":"2016-12-08T23:29:33.403Z"}
{"level":"info","message":"sand@sand.com trying to login","timestamp":"2016-12-08T23:44:46.018Z"}
{"level":"info","message":"sand@sand.com logged in","timestamp":"2016-12-08T23:44:46.027Z"}
{"level":"info","message":"User Sandeep Kumar is being redirected to homepage","timestamp":"2016-12-08T23:44:46.034Z"}
{"level":"info","message":"User Sandeep Kumar is trying to sell a product","timestamp":"2016-12-08T23:44:50.419Z"}
{"level":"info","message":"sand@sand trying to login","timestamp":"2016-12-08T23:46:18.091Z"}
{"level":"info","message":"sand@sand failed to login","timestamp":"2016-12-08T23:46:19.071Z"}
{"level":"info","message":"sand@sand.com trying to login","timestamp":"2016-12-08T23:46:24.404Z"}
{"level":"info","message":"sand@sand.com logged in","timestamp":"2016-12-08T23:46:25.376Z"}
{"level":"info","message":"User Sandeep is being redirected to homepage","timestamp":"2016-12-08T23:46:25.388Z"}
{"level":"info","message":"User Sandeep is trying to sell a product","timestamp":"2016-12-08T23:46:38.425Z"}
{"level":"info","message":"User Sandeep is being redirected to homepage","timestamp":"2016-12-08T23:47:01.476Z"}
{"level":"info","message":"User Sandeep is being redirected to homepage","timestamp":"2016-12-08T23:47:20.315Z"}
{"level":"info","message":"User Sandeep is trying to sell a product","timestamp":"2016-12-08T23:47:26.925Z"}
{"level":"info","message":"User Sandeep is trying to sell a product directly","timestamp":"2016-12-08T23:49:18.477Z"}
{"level":"info","message":"sand@sand.com trying to login","timestamp":"2016-12-08T23:54:26.063Z"}
{"level":"info","message":"sand@sand.com logged in","timestamp":"2016-12-08T23:54:27.029Z"}
{"level":"info","message":"User Sandeep is being redirected to homepage","timestamp":"2016-12-08T23:54:27.042Z"}
{"level":"info","message":"User Sandeep is trying to sell a product","timestamp":"2016-12-08T23:54:30.857Z"}
{"level":"info","message":"User Sandeep is trying to sell a product directly","timestamp":"2016-12-08T23:55:07.074Z"}
{"level":"info","message":"User Sandeep is being redirected to homepage","timestamp":"2016-12-08T23:55:08.838Z"}
{"level":"info","message":"User Sandeep is viewing product 5849f2dc39c30d05e147ebcd","timestamp":"2016-12-08T23:57:11.489Z"}
{"level":"info","message":"User Sandeep is being redirected to homepage","timestamp":"2016-12-08T23:57:27.267Z"}
{"level":"info","message":"User Sandeep is viewing product 5849f2dc39c30d05e147ebcd","timestamp":"2016-12-08T23:59:10.812Z"}
{"level":"info","message":"User Sandeep is adding product5849f2dc39c30d05e147ebcdto his cart","timestamp":"2016-12-09T00:00:18.199Z"}
{"level":"info","message":"User Sandeep is checking the items in his cart","timestamp":"2016-12-09T00:00:19.376Z"}
{"level":"info","message":"User Sandeep is ready to make a payment","timestamp":"2016-12-09T00:00:37.148Z"}
{"level":"info","message":"User Sandeep is trying to do a cart checkout","timestamp":"2016-12-09T00:00:58.031Z"}
{"level":"info","message":"User Sandeep is being redirected to homepage","timestamp":"2016-12-09T00:01:04.741Z"}
{"level":"info","message":"User Sandeep is checking his purchase history","timestamp":"2016-12-09T00:01:09.591Z"}
{"level":"info","message":"User Sandeep is checking his purchase history","timestamp":"2016-12-09T00:02:29.406Z"}
{"level":"info","message":"User Sandeep is being redirected to homepage","timestamp":"2016-12-09T00:02:41.000Z"}
{"level":"info","message":"User Sandeep is checking his sell history","timestamp":"2016-12-09T00:02:45.984Z"}
{"level":"info","message":"User Sandeep is being redirected to homepage","timestamp":"2016-12-09T00:02:52.662Z"}
{"level":"info","message":"User Sandeep is checking his bid history","timestamp":"2016-12-09T00:03:03.093Z"}
{"level":"info","message":"User Sandeep is being redirected to homepage","timestamp":"2016-12-09T00:03:08.061Z"}
{"level":"info","message":"User Sandeep is trying to sell a product","timestamp":"2016-12-09T00:07:15.180Z"}
{"level":"info","message":"User Sandeep is trying to sell a product via auction","timestamp":"2016-12-09T00:07:53.534Z"}
{"level":"info","message":"User Sandeep is being redirected to homepage","timestamp":"2016-12-09T00:07:54.521Z"}
{"level":"info","message":"User Sandeep is viewing product 5849f2dc39c30d05e147ebcd","timestamp":"2016-12-09T00:11:54.245Z"}
{"level":"info","message":"User Sandeep is adding product5849f2dc39c30d05e147ebcdto his cart","timestamp":"2016-12-09T00:11:58.065Z"}
{"level":"info","message":"User Sandeep is checking the items in his cart","timestamp":"2016-12-09T00:11:59.106Z"}
{"level":"info","message":"User Sandeep is being redirected to homepage","timestamp":"2016-12-09T00:12:02.194Z"}
{"level":"info","message":"sand@sand.com trying to login","timestamp":"2016-12-09T00:26:57.581Z"}
{"level":"info","message":"sand@sand.com logged in","timestamp":"2016-12-09T00:26:58.770Z"}
{"level":"info","message":"sand@sand.com trying to login","timestamp":"2016-12-09T00:27:04.706Z"}
{"level":"info","message":"sand@sand.com logged in","timestamp":"2016-12-09T00:27:05.268Z"}
{"level":"info","message":"sand@sand trying to login","timestamp":"2016-12-09T00:27:08.966Z"}
{"level":"info","message":"sand@sand failed to login","timestamp":"2016-12-09T00:27:11.082Z"}
{"level":"info","message":"sand@sand.com trying to login","timestamp":"2016-12-09T00:27:30.615Z"}
{"level":"info","message":"sand@sand.com logged in","timestamp":"2016-12-09T00:27:31.945Z"}
{"level":"info","message":"sand@sand.com trying to login","timestamp":"2016-12-09T00:28:10.492Z"}
{"level":"info","message":"sand@sand.com logged in","timestamp":"2016-12-09T00:28:11.407Z"}
{"level":"info","message":"sand@sand.com trying to login","timestamp":"2016-12-09T00:28:43.366Z"}
{"level":"info","message":"sand@sand.com logged in","timestamp":"2016-12-09T00:28:44.407Z"}
{"level":"info","message":"sand@sand.com trying to login","timestamp":"2016-12-09T00:28:51.847Z"}
{"level":"info","message":"sand@sand.com logged in","timestamp":"2016-12-09T00:28:52.689Z"}
{"level":"info","message":"sand@sand.com trying to login","timestamp":"2016-12-09T00:29:56.991Z"}
{"level":"info","message":"sand@sand.com logged in","timestamp":"2016-12-09T00:29:57.811Z"}
{"level":"info","message":"sand@sand.com trying to login","timestamp":"2016-12-09T00:31:44.014Z"}
{"level":"info","message":"sand@sand.com logged in","timestamp":"2016-12-09T00:31:45.095Z"}
{"level":"info","message":"sand@sand.com trying to login","timestamp":"2016-12-09T00:32:27.235Z"}
{"level":"info","message":"sand@sand.com logged in","timestamp":"2016-12-09T00:32:28.292Z"}
{"level":"info","message":"sand@sand.com trying to login","timestamp":"2016-12-09T00:35:36.629Z"}
{"level":"info","message":"sand@sand.com logged in","timestamp":"2016-12-09T00:35:37.586Z"}
{"level":"info","message":"New user neha@neha.com trying to register","timestamp":"2016-12-09T00:37:25.095Z"}
{"level":"info","message":"neha@neha.com trying to login","timestamp":"2016-12-09T00:37:33.506Z"}
{"level":"info","message":"neha@neha.com logged in","timestamp":"2016-12-09T00:37:34.485Z"}
{"level":"info","message":"User Neha is being redirected to homepage","timestamp":"2016-12-09T00:37:34.495Z"}
{"level":"info","message":"User Neha is being redirected to homepage","timestamp":"2016-12-09T00:37:57.148Z"}
{"level":"info","message":"neha@neha.com trying to login","timestamp":"2016-12-09T00:38:08.303Z"}
{"level":"info","message":"neha@neha.com logged in","timestamp":"2016-12-09T00:38:09.074Z"}
{"level":"info","message":"User Neha is being redirected to homepage","timestamp":"2016-12-09T00:38:09.088Z"}
{"level":"info","message":"User Neha is being redirected to homepage","timestamp":"2016-12-09T00:38:50.556Z"}
{"level":"info","message":"User Neha is trying to sell a product","timestamp":"2016-12-09T00:39:31.166Z"}
{"level":"info","message":"User Neha is trying to sell a product directly","timestamp":"2016-12-09T00:40:28.620Z"}
{"level":"info","message":"User Neha is being redirected to homepage","timestamp":"2016-12-09T00:40:30.467Z"}
{"level":"info","message":"neha@neha.com trying to login","timestamp":"2016-12-09T02:25:13.642Z"}
{"level":"info","message":"neha@neha.com logged in","timestamp":"2016-12-09T02:25:14.247Z"}
{"level":"info","message":"User Neha is being redirected to homepage","timestamp":"2016-12-09T02:25:14.264Z"}
{"level":"info","message":"User Neha is trying to sell a product","timestamp":"2016-12-09T02:25:17.332Z"}
{"level":"info","message":"User Neha is trying to sell a product","timestamp":"2016-12-09T02:25:59.218Z"}
{"level":"info","message":"User Neha is trying to sell a product","timestamp":"2016-12-09T02:26:14.359Z"}
{"level":"info","message":"User Neha is being redirected to homepage","timestamp":"2016-12-09T02:33:30.771Z"}
{"level":"info","message":"User Neha is viewing product 5849fd7e19d5e6067a84f6e2","timestamp":"2016-12-09T02:33:39.796Z"}
{"level":"info","message":"User Neha is viewing product 5849fd7e19d5e6067a84f6e2","timestamp":"2016-12-09T02:35:35.425Z"}
{"level":"info","message":"User Neha is adding product5849fd7e19d5e6067a84f6e2to his cart","timestamp":"2016-12-09T02:39:53.481Z"}
{"level":"info","message":"User Neha is checking the items in his cart","timestamp":"2016-12-09T02:39:54.269Z"}
{"level":"info","message":"User Neha is being redirected to homepage","timestamp":"2016-12-09T02:39:57.100Z"}
{"level":"info","message":"User Neha is trying to sell a product","timestamp":"2016-12-09T02:40:01.670Z"}
{"level":"info","message":"User Neha is trying to sell a product directly","timestamp":"2016-12-09T02:40:42.697Z"}
{"level":"info","message":"User Neha is being redirected to homepage","timestamp":"2016-12-09T02:40:43.958Z"}
{"level":"info","message":"User Neha is being redirected to homepage","timestamp":"2016-12-09T02:41:57.476Z"}
{"level":"info","message":"User Neha is being redirected to homepage","timestamp":"2016-12-09T02:42:35.776Z"}
{"level":"info","message":"neha@neha.com trying to login","timestamp":"2016-12-09T03:30:35.212Z"}
{"level":"info","message":"neha@neha.com logged in","timestamp":"2016-12-09T03:30:35.852Z"}
{"level":"info","message":"User Neha is being redirected to homepage","timestamp":"2016-12-09T03:30:35.869Z"}
{"level":"info","message":"User Neha is being redirected to homepage","timestamp":"2016-12-09T03:35:41.529Z"}
{"level":"info","message":"neha@neha.com trying to login","timestamp":"2016-12-09T03:38:32.640Z"}
{"level":"info","message":"neha@neha.com logged in","timestamp":"2016-12-09T03:38:33.232Z"}
{"level":"info","message":"User Neha is being redirected to homepage","timestamp":"2016-12-09T03:38:33.241Z"}
{"level":"info","message":"User Neha is trying to sell a product","timestamp":"2016-12-09T03:38:38.244Z"}
{"level":"info","message":"User Neha is trying to sell a product directly","timestamp":"2016-12-09T03:39:15.223Z"}
{"level":"info","message":"User Neha is being redirected to homepage","timestamp":"2016-12-09T03:39:16.315Z"}
{"level":"info","message":"User Neha is being logged out","timestamp":"2016-12-09T03:39:47.992Z"}
{"level":"info","message":"sand@sand trying to login","timestamp":"2016-12-09T03:39:57.435Z"}
{"level":"info","message":"sand@sand failed to login","timestamp":"2016-12-09T03:39:57.994Z"}
{"level":"info","message":"sand@sand.com trying to login","timestamp":"2016-12-09T03:40:07.040Z"}
{"level":"info","message":"sand@sand.com logged in","timestamp":"2016-12-09T03:40:07.598Z"}
{"level":"info","message":"New user sandeepkumarchawan.sabavat@sjsu.edu trying to register","timestamp":"2016-12-09T03:41:19.355Z"}
{"level":"info","message":"sandeepkumarchawan.sabavat@sjsu.edu trying to login","timestamp":"2016-12-09T03:41:30.167Z"}
{"level":"info","message":"sandeepkumarchawan.sabavat@sjsu.edu logged in","timestamp":"2016-12-09T03:41:30.719Z"}
{"level":"info","message":"User Sandeep Kumar is being redirected to homepage","timestamp":"2016-12-09T03:41:30.742Z"}
{"level":"info","message":"User Sandeep Kumar is trying to sell a product","timestamp":"2016-12-09T03:41:36.340Z"}
{"level":"info","message":"User Sandeep Kumar is trying to sell a product directly","timestamp":"2016-12-09T03:42:08.727Z"}
{"level":"info","message":"User Sandeep Kumar is being redirected to homepage","timestamp":"2016-12-09T03:42:09.812Z"}
{"level":"info","message":"User Sandeep Kumar is being redirected to homepage","timestamp":"2016-12-09T03:42:36.952Z"}
{"level":"info","message":"neha@neha.com trying to login","timestamp":"2016-12-09T03:50:08.837Z"}
{"level":"info","message":"neha@neha.com logged in","timestamp":"2016-12-09T03:50:09.485Z"}
{"level":"info","message":"User Neha is being redirected to homepage","timestamp":"2016-12-09T03:50:09.496Z"}
{"level":"info","message":"User Neha is checking his purchase history","timestamp":"2016-12-09T03:50:50.667Z"}
{"level":"info","message":"User Neha is being redirected to homepage","timestamp":"2016-12-09T03:50:55.807Z"}
{"level":"info","message":"User Neha is checking his sell history","timestamp":"2016-12-09T03:50:59.201Z"}
{"level":"info","message":"User Neha is being redirected to homepage","timestamp":"2016-12-09T03:51:03.755Z"}
{"level":"info","message":"User Neha is checking his sell history","timestamp":"2016-12-09T03:51:23.276Z"}
{"level":"info","message":"User Neha is being redirected to homepage","timestamp":"2016-12-09T03:51:27.222Z"}
{"level":"info","message":"User Neha is being redirected to homepage","timestamp":"2016-12-09T04:03:03.990Z"}
{"level":"info","message":"User Neha is being redirected to homepage","timestamp":"2016-12-09T04:03:04.408Z"}
{"level":"info","message":"User Neha is searching for a product in category2","timestamp":"2016-12-09T04:03:23.843Z"}
{"level":"info","message":"neha@neha.com trying to login","timestamp":"2016-12-09T04:05:35.495Z"}
{"level":"info","message":"neha@neha.com logged in","timestamp":"2016-12-09T04:05:36.136Z"}
{"level":"info","message":"User Neha is being redirected to homepage","timestamp":"2016-12-09T04:05:36.146Z"}
{"level":"info","message":"neha@neha.com trying to login","timestamp":"2016-12-09T06:25:41.808Z"}
{"level":"info","message":"neha@neha.com logged in","timestamp":"2016-12-09T06:25:42.580Z"}
{"level":"info","message":"User Neha is being redirected to homepage","timestamp":"2016-12-09T06:25:42.603Z"}
{"level":"info","message":"User Neha is trying to sell a product","timestamp":"2016-12-09T06:25:49.425Z"}
{"level":"info","message":"User Neha is trying to sell a product directly","timestamp":"2016-12-09T06:26:38.808Z"}
{"level":"info","message":"User Neha is being redirected to homepage","timestamp":"2016-12-09T06:26:40.929Z"}
{"level":"info","message":"User Neha is being redirected to homepage","timestamp":"2016-12-09T06:27:20.804Z"}
{"level":"info","message":"neha@neha.com trying to login","timestamp":"2016-12-12T00:05:27.384Z"}
{"level":"info","message":"neha@neha.com logged in","timestamp":"2016-12-12T00:05:27.992Z"}
{"level":"info","message":"User Neha is being redirected to homepage","timestamp":"2016-12-12T00:05:28.014Z"}
{"level":"info","message":"User Neha is being redirected to homepage","timestamp":"2016-12-12T00:05:37.934Z"}
{"level":"info","message":"User Neha is viewing product 584a19ab241b7807ccf53e50","timestamp":"2016-12-12T00:05:52.659Z"}
{"level":"info","message":"User Neha is adding product584a19ab241b7807ccf53e50to his cart","timestamp":"2016-12-12T00:05:59.487Z"}
{"level":"info","message":"User Neha is checking the items in his cart","timestamp":"2016-12-12T00:06:00.128Z"}
{"level":"info","message":"User Neha is removing product 584a19ab241b7807ccf53e50 from his cart","timestamp":"2016-12-12T00:06:04.475Z"}
{"level":"info","message":"User Neha is checking the items in his cart","timestamp":"2016-12-12T00:06:04.482Z"}
{"level":"info","message":"User Neha is being redirected to homepage","timestamp":"2016-12-12T00:06:09.963Z"}
{"level":"info","message":"neha@neha.com trying to login","timestamp":"2016-12-12T00:13:01.681Z"}
{"level":"info","message":"neha@neha.com logged in","timestamp":"2016-12-12T00:13:02.324Z"}
{"level":"info","message":"User Neha is being redirected to homepage","timestamp":"2016-12-12T00:13:02.334Z"}
{"level":"info","message":"neha@neha.com trying to login","timestamp":"2016-12-12T00:31:42.348Z"}
{"level":"info","message":"neha@neha.com logged in","timestamp":"2016-12-12T00:31:43.090Z"}
{"level":"info","message":"User Neha is being redirected to homepage","timestamp":"2016-12-12T00:31:43.107Z"}
{"level":"info","message":"User Neha is trying to sell a product","timestamp":"2016-12-12T00:31:46.790Z"}
{"level":"info","message":"User Neha is trying to sell a product directly","timestamp":"2016-12-12T00:32:25.307Z"}
{"level":"info","message":"User Neha is being redirected to homepage","timestamp":"2016-12-12T00:32:26.683Z"}
{"level":"info","message":"neha@neha.com trying to login","timestamp":"2016-12-12T00:38:41.695Z"}
{"level":"info","message":"neha@neha.com logged in","timestamp":"2016-12-12T00:38:42.268Z"}
{"level":"info","message":"User Neha is being redirected to homepage","timestamp":"2016-12-12T00:38:42.281Z"}
{"level":"info","message":"neha@neha.com trying to login","timestamp":"2016-12-12T00:40:23.048Z"}
{"level":"info","message":"neha@neha.com logged in","timestamp":"2016-12-12T00:40:23.613Z"}
{"level":"info","message":"User Neha is being redirected to homepage","timestamp":"2016-12-12T00:40:23.623Z"}
{"level":"info","message":"User Neha is viewing product 584a28110fcb32087a590b8e","timestamp":"2016-12-12T00:40:27.186Z"}
{"level":"info","message":"User Neha is checking his account","timestamp":"2016-12-12T00:40:41.767Z"}
{"level":"info","message":"neha@neha.com trying to login","timestamp":"2016-12-12T01:09:36.126Z"}
{"level":"info","message":"neha@neha.com logged in","timestamp":"2016-12-12T01:09:36.791Z"}
{"level":"info","message":"User Neha is being redirected to homepage","timestamp":"2016-12-12T01:09:36.805Z"}
{"level":"info","message":"neha@neha.com trying to login","timestamp":"2016-12-12T01:24:40.023Z"}
{"level":"info","message":"neha@neha.com logged in","timestamp":"2016-12-12T01:24:41.053Z"}
{"level":"info","message":"User Neha is being redirected to homepage","timestamp":"2016-12-12T01:24:41.071Z"}
{"level":"info","message":"User Neha is viewing product 584a28110fcb32087a590b8e","timestamp":"2016-12-12T01:24:52.252Z"}
{"level":"info","message":"User Neha is being redirected to homepage","timestamp":"2016-12-12T01:25:52.947Z"}
{"level":"info","message":"User Neha is trying to sell a product","timestamp":"2016-12-12T01:26:03.386Z"}
{"level":"info","message":"User Neha is trying to sell a product directly","timestamp":"2016-12-12T01:26:35.775Z"}
{"level":"info","message":"User Neha is being redirected to homepage","timestamp":"2016-12-12T01:26:36.976Z"}
{"level":"info","message":"neha@neha.com trying to login","timestamp":"2016-12-12T03:40:00.007Z"}
{"level":"info","message":"neha@neha.com logged in","timestamp":"2016-12-12T03:40:01.003Z"}
{"level":"info","message":"sand@sand.com trying to login","timestamp":"2016-12-12T03:40:15.592Z"}
{"level":"info","message":"sand@sand.com logged in","timestamp":"2016-12-12T03:40:16.739Z"}
{"level":"info","message":"New user neha@neha.com trying to register","timestamp":"2016-12-12T03:41:03.631Z"}
{"level":"info","message":"Registration failed, user neha is already registered","timestamp":"2016-12-12T03:41:04.601Z"}
{"level":"info","message":"neha@neha.com trying to login","timestamp":"2016-12-12T03:44:10.860Z"}
{"level":"info","message":"neha@neha.com logged in","timestamp":"2016-12-12T03:44:11.791Z"}
{"level":"info","message":"neha@neha.com trying to login","timestamp":"2016-12-12T03:49:08.452Z"}
{"level":"info","message":"neha@neha.com logged in","timestamp":"2016-12-12T03:49:09.306Z"}
{"level":"info","message":"neha@neha.com trying to login","timestamp":"2016-12-12T03:49:19.280Z"}
{"level":"info","message":"neha@neha.com failed to login","timestamp":"2016-12-12T03:49:20.318Z"}
{"level":"info","message":"sand@sand.com trying to login","timestamp":"2016-12-12T03:49:45.442Z"}
{"level":"info","message":"sand@sand.com logged in","timestamp":"2016-12-12T03:49:46.336Z"}
{"level":"info","message":"neha.kumar@sjsu.edu trying to login","timestamp":"2016-12-12T03:55:42.183Z"}
{"level":"info","message":"neha.kumar@sjsu.edu failed to login","timestamp":"2016-12-12T03:55:43.526Z"}
{"level":"info","message":"neha@neha.com trying to login","timestamp":"2016-12-12T03:55:56.414Z"}
{"level":"info","message":"neha@neha.com logged in","timestamp":"2016-12-12T03:55:58.054Z"}
{"level":"info","message":"sand@sand.sand trying to login","timestamp":"2016-12-12T03:57:21.762Z"}
{"level":"info","message":"sand@sand.sand logged in","timestamp":"2016-12-12T03:57:23.157Z"}
{"level":"info","message":"User Sandeep Kumar is being redirected to homepage","timestamp":"2016-12-12T03:57:23.170Z"}
{"level":"info","message":"User Sandeep Kumar is trying to sell a product","timestamp":"2016-12-12T03:58:20.615Z"}
{"level":"info","message":"User Sandeep Kumar is trying to sell a product directly","timestamp":"2016-12-12T04:04:52.360Z"}
{"level":"info","message":"sand@sand.sand trying to login","timestamp":"2016-12-12T04:05:54.366Z"}
{"level":"info","message":"sand@sand.sand logged in","timestamp":"2016-12-12T04:05:55.516Z"}
{"level":"info","message":"User Sandeep Kumar is being redirected to homepage","timestamp":"2016-12-12T04:05:55.535Z"}
{"level":"info","message":"User Sandeep Kumar is trying to sell a product","timestamp":"2016-12-12T04:06:03.816Z"}
{"level":"info","message":"User Sandeep Kumar is trying to sell a product directly","timestamp":"2016-12-12T04:07:11.160Z"}
{"level":"info","message":"User Sandeep Kumar is being redirected to homepage","timestamp":"2016-12-12T04:07:14.483Z"}
{"level":"info","message":"User Sandeep Kumar is being redirected to homepage","timestamp":"2016-12-12T04:08:08.933Z"}
{"level":"info","message":"User Sandeep Kumar is trying to sell a product","timestamp":"2016-12-12T04:09:13.846Z"}
{"level":"info","message":"User Sandeep Kumar is trying to sell a product directly","timestamp":"2016-12-12T04:10:28.821Z"}
{"level":"info","message":"User Sandeep Kumar is being redirected to homepage","timestamp":"2016-12-12T04:10:31.119Z"}
{"level":"info","message":"User Sandeep Kumar is trying to sell a product","timestamp":"2016-12-12T04:11:59.523Z"}
{"level":"info","message":"User Sandeep Kumar is trying to sell a product directly","timestamp":"2016-12-12T04:12:26.105Z"}
{"level":"info","message":"User Sandeep Kumar is being redirected to homepage","timestamp":"2016-12-12T04:12:28.141Z"}
{"level":"info","message":"User Sandeep Kumar is trying to sell a product","timestamp":"2016-12-12T04:13:03.296Z"}
{"level":"info","message":"User Sandeep Kumar is trying to sell a product directly","timestamp":"2016-12-12T04:13:46.534Z"}
{"level":"info","message":"User Sandeep Kumar is being redirected to homepage","timestamp":"2016-12-12T04:13:48.633Z"}
{"level":"info","message":"User Sandeep Kumar is being redirected to homepage","timestamp":"2016-12-12T04:13:58.341Z"}
{"level":"info","message":"User Sandeep Kumar is being redirected to homepage","timestamp":"2016-12-12T04:14:11.751Z"}
{"level":"info","message":"User Sandeep Kumar is trying to sell a product","timestamp":"2016-12-12T04:16:29.492Z"}
{"level":"info","message":"User Sandeep Kumar is trying to sell a product directly","timestamp":"2016-12-12T04:17:47.333Z"}
{"level":"info","message":"User Sandeep Kumar is being redirected to homepage","timestamp":"2016-12-12T04:17:50.392Z"}
{"level":"info","message":"User Sandeep Kumar is trying to sell a product","timestamp":"2016-12-12T04:18:07.991Z"}
{"level":"info","message":"User Sandeep Kumar is trying to sell a product directly","timestamp":"2016-12-12T04:19:15.845Z"}
{"level":"info","message":"User Sandeep Kumar is being redirected to homepage","timestamp":"2016-12-12T04:19:17.802Z"}
{"level":"info","message":"User Sandeep Kumar is being redirected to homepage","timestamp":"2016-12-12T04:19:25.077Z"}
{"level":"info","message":"User Sandeep Kumar is trying to sell a product","timestamp":"2016-12-12T04:19:35.937Z"}
{"level":"info","message":"User Sandeep Kumar is trying to sell a product directly","timestamp":"2016-12-12T04:20:06.710Z"}
{"level":"info","message":"User Sandeep Kumar is being redirected to homepage","timestamp":"2016-12-12T04:20:10.890Z"}
{"level":"info","message":"User Sandeep Kumar is being redirected to homepage","timestamp":"2016-12-12T04:20:18.968Z"}
{"level":"info","message":"User Sandeep Kumar is being redirected to homepage","timestamp":"2016-12-12T04:20:27.302Z"}
{"level":"info","message":"User Sandeep Kumar is being logged out","timestamp":"2016-12-12T04:20:49.159Z"}
{"level":"info","message":"New user neha@neha.neha trying to register","timestamp":"2016-12-12T04:22:29.660Z"}
{"level":"info","message":"neha@neha.neha trying to login","timestamp":"2016-12-12T04:22:49.917Z"}
{"level":"info","message":"neha@neha.neha logged in","timestamp":"2016-12-12T04:22:52.029Z"}
{"level":"info","message":"User neha is being redirected to homepage","timestamp":"2016-12-12T04:22:52.046Z"}
{"level":"info","message":"User neha is trying to sell a product","timestamp":"2016-12-12T04:25:30.634Z"}
{"level":"info","message":"User neha is trying to sell a product directly","timestamp":"2016-12-12T04:26:27.829Z"}
{"level":"info","message":"User neha is being redirected to homepage","timestamp":"2016-12-12T04:26:30.984Z"}
{"level":"info","message":"User neha is being redirected to homepage","timestamp":"2016-12-12T04:26:37.485Z"}
{"level":"info","message":"neha@neha.neha trying to login","timestamp":"2016-12-12T04:30:27.009Z"}
{"level":"info","message":"neha@neha.neha logged in","timestamp":"2016-12-12T04:30:28.077Z"}
{"level":"info","message":"User neha is being redirected to homepage","timestamp":"2016-12-12T04:30:28.098Z"}
{"level":"info","message":"User neha is trying to sell a product","timestamp":"2016-12-12T04:30:51.101Z"}
{"level":"info","message":"User neha is being redirected to homepage","timestamp":"2016-12-12T04:31:53.195Z"}
{"level":"info","message":"User neha is viewing product 584e23aca110c418a4c60026","timestamp":"2016-12-12T04:32:01.064Z"}
{"level":"info","message":"User neha is viewing product 584e23aca110c418a4c60026","timestamp":"2016-12-12T04:37:58.955Z"}
{"level":"info","message":"User neha is viewing product 584e23aca110c418a4c60026","timestamp":"2016-12-12T04:38:03.458Z"}
{"level":"info","message":"neha@neha.neha trying to login","timestamp":"2016-12-12T04:38:12.629Z"}
{"level":"info","message":"neha@neha.neha logged in","timestamp":"2016-12-12T04:38:13.453Z"}
{"level":"info","message":"User neha is being redirected to homepage","timestamp":"2016-12-12T04:38:13.476Z"}
{"level":"info","message":"User neha is viewing product 584e23aca110c418a4c60026","timestamp":"2016-12-12T04:38:19.488Z"}
{"level":"info","message":"User neha is being redirected to homepage","timestamp":"2016-12-12T04:39:17.438Z"}
{"level":"info","message":"User neha is viewing product 584e23fca110c418a4c60027","timestamp":"2016-12-12T04:39:24.537Z"}
{"level":"info","message":"User neha is being redirected to homepage","timestamp":"2016-12-12T04:42:54.234Z"}
{"level":"info","message":"User neha is viewing product 584e23aca110c418a4c60026","timestamp":"2016-12-12T04:43:01.761Z"}
{"level":"info","message":"User neha is viewing product 584e23aca110c418a4c60026","timestamp":"2016-12-12T04:43:31.112Z"}
{"level":"info","message":"User neha is being redirected to homepage","timestamp":"2016-12-12T04:47:27.184Z"}
{"level":"info","message":"User neha is viewing product 584e23aca110c418a4c60026","timestamp":"2016-12-12T04:47:34.850Z"}
{"level":"info","message":"User neha is being redirected to homepage","timestamp":"2016-12-12T04:47:42.082Z"}
{"level":"info","message":"User neha is being redirected to homepage","timestamp":"2016-12-12T04:50:18.210Z"}
{"level":"info","message":"User neha is viewing product 584e23fca110c418a4c60027","timestamp":"2016-12-12T04:50:34.126Z"}
{"level":"info","message":"User neha is being redirected to homepage","timestamp":"2016-12-12T04:52:32.264Z"}
{"level":"info","message":"User neha is viewing product 584e23fca110c418a4c60027","timestamp":"2016-12-12T04:52:39.605Z"}
{"level":"info","message":"User neha is being redirected to homepage","timestamp":"2016-12-12T04:53:02.560Z"}
{"level":"info","message":"User neha is viewing product 584e23fca110c418a4c60027","timestamp":"2016-12-12T04:53:12.139Z"}
{"level":"info","message":"User neha is being redirected to homepage","timestamp":"2016-12-12T04:54:21.678Z"}
{"level":"info","message":"User neha is viewing product 584e23fca110c418a4c60027","timestamp":"2016-12-12T04:54:28.168Z"}
{"level":"info","message":"User neha is being redirected to homepage","timestamp":"2016-12-12T04:55:03.875Z"}
{"level":"info","message":"User neha is viewing product 584e23fca110c418a4c60027","timestamp":"2016-12-12T04:55:14.730Z"}
{"level":"info","message":"User neha is being redirected to homepage","timestamp":"2016-12-12T04:55:44.677Z"}
{"level":"info","message":"User neha is being redirected to homepage","timestamp":"2016-12-12T04:56:39.306Z"}
{"level":"info","message":"User neha is checking his account","timestamp":"2016-12-12T05:01:39.158Z"}
{"level":"info","message":"User neha is being redirected to homepage","timestamp":"2016-12-12T05:02:49.139Z"}
{"level":"info","message":"User neha is being redirected to homepage","timestamp":"2016-12-12T05:06:18.399Z"}
{"level":"info","message":"User neha is being redirected to homepage","timestamp":"2016-12-12T05:06:36.797Z"}
{"level":"info","message":"User neha is viewing product 584e2fccbd966f174138811b","timestamp":"2016-12-12T05:07:09.710Z"}
{"level":"info","message":"User neha is being redirected to homepage","timestamp":"2016-12-12T05:07:24.621Z"}
{"level":"info","message":"User neha is viewing product 584e2fccbd966f174138811b","timestamp":"2016-12-12T05:08:04.777Z"}
{"level":"info","message":"User neha is being redirected to homepage","timestamp":"2016-12-12T05:08:32.821Z"}
{"level":"info","message":"User neha is viewing product 584e257aa110c418a4c6002a","timestamp":"2016-12-12T05:08:50.942Z"}
{"level":"info","message":"User neha is being redirected to homepage","timestamp":"2016-12-12T05:10:15.962Z"}
{"level":"info","message":"User neha is being logged out","timestamp":"2016-12-12T05:10:23.404Z"}
{"level":"info","message":"neha@neha.neha trying to login","timestamp":"2016-12-12T05:11:53.691Z"}
{"level":"info","message":"neha@neha.neha logged in","timestamp":"2016-12-12T05:11:55.773Z"}
{"level":"info","message":"User neha is being redirected to homepage","timestamp":"2016-12-12T05:11:55.782Z"}
{"level":"info","message":"User neha is viewing product 584e2fccbd966f174138811b","timestamp":"2016-12-12T05:12:08.713Z"}
{"level":"info","message":"User neha is being redirected to homepage","timestamp":"2016-12-12T05:12:12.167Z"}
{"level":"info","message":"User neha is viewing product 584e23aca110c418a4c60026","timestamp":"2016-12-12T05:13:09.695Z"}
{"level":"info","message":"User neha is being redirected to homepage","timestamp":"2016-12-12T05:13:35.685Z"}
{"level":"info","message":"neha@neha.neha trying to login","timestamp":"2016-12-12T05:23:47.748Z"}
{"level":"info","message":"neha@neha.neha logged in","timestamp":"2016-12-12T05:23:48.778Z"}
{"level":"info","message":"User neha is being redirected to homepage","timestamp":"2016-12-12T05:23:48.800Z"}
{"level":"info","message":"User neha is being logged out","timestamp":"2016-12-12T05:24:33.302Z"}
{"level":"info","message":"Guest User  is being redirected to homepage","timestamp":"2016-12-12T06:02:00.189Z"}
{"level":"info","message":"Guest User  is being redirected to homepage","timestamp":"2016-12-12T06:02:47.431Z"}
{"level":"info","message":"Guest User  is being redirected to homepage","timestamp":"2016-12-12T06:05:49.150Z"}
{"level":"info","message":"Guest User  is being redirected to homepage","timestamp":"2016-12-12T06:06:22.272Z"}
{"level":"info","message":"Guest User  is being redirected to homepage","timestamp":"2016-12-12T06:11:08.170Z"}
{"level":"info","message":"Guest User  is being redirected to homepage","timestamp":"2016-12-12T06:15:05.771Z"}
{"level":"info","message":"Guest User  is being redirected to homepage","timestamp":"2016-12-12T06:16:52.851Z"}
{"level":"info","message":"Guest User  is being redirected to homepage","timestamp":"2016-12-12T06:16:52.928Z"}
{"level":"info","message":"Guest User  is being redirected to homepage","timestamp":"2016-12-12T06:18:40.972Z"}
{"level":"info","message":"Guest User  is being redirected to homepage","timestamp":"2016-12-12T06:18:41.871Z"}
{"level":"info","message":"Guest User  is being redirected to homepage","timestamp":"2016-12-12T06:35:18.230Z"}
{"level":"info","message":"Guest User  is being redirected to homepage","timestamp":"2016-12-12T06:41:19.602Z"}
{"level":"info","message":"Guest User  is being redirected to homepage","timestamp":"2016-12-12T06:41:37.226Z"}
{"level":"info","message":"Guest User  is being redirected to homepage","timestamp":"2016-12-12T06:41:37.456Z"}
{"level":"info","message":"neha@neha.neha trying to login","timestamp":"2016-12-12T06:48:16.175Z"}
{"level":"info","message":"neha@neha.neha logged in","timestamp":"2016-12-12T06:48:16.880Z"}
{"level":"info","message":"User neha is being redirected to homepage","timestamp":"2016-12-12T06:48:16.897Z"}
{"level":"info","message":"User neha is checking the items in his cart","timestamp":"2016-12-12T06:48:20.468Z"}
{"level":"info","message":"User neha is being redirected to homepage","timestamp":"2016-12-12T06:48:30.643Z"}
{"level":"info","message":"User neha is trying to sell a product","timestamp":"2016-12-12T06:49:40.555Z"}
{"level":"info","message":"User neha is being redirected to homepage","timestamp":"2016-12-12T06:49:50.021Z"}
{"level":"info","message":"User neha is adding product584e24eea110c418a4c60028to his cart","timestamp":"2016-12-12T06:50:09.748Z"}
{"level":"info","message":"User neha is checking the items in his cart","timestamp":"2016-12-12T06:50:10.988Z"}
{"level":"info","message":"User neha is removing product 584e24eea110c418a4c60028 from his cart","timestamp":"2016-12-12T06:50:36.543Z"}
{"level":"info","message":"User neha is checking the items in his cart","timestamp":"2016-12-12T06:50:36.553Z"}
{"level":"info","message":"User neha is removing product 584e24eea110c418a4c60028 from his cart","timestamp":"2016-12-12T06:50:41.263Z"}
{"level":"info","message":"User neha is checking the items in his cart","timestamp":"2016-12-12T06:50:41.270Z"}
{"level":"info","message":"User neha is being redirected to homepage","timestamp":"2016-12-12T06:50:47.237Z"}
{"level":"info","message":"User neha is adding product584e2545a110c418a4c60029to his cart","timestamp":"2016-12-12T06:50:56.730Z"}
{"level":"info","message":"User neha is checking the items in his cart","timestamp":"2016-12-12T06:50:58.033Z"}
{"level":"info","message":"User neha is checking the items in his cart","timestamp":"2016-12-12T06:55:31.991Z"}
{"level":"info","message":"User neha is checking the items in his cart","timestamp":"2016-12-12T06:55:35.529Z"}
{"level":"info","message":"User neha is adding product584e2545a110c418a4c60029to his cart","timestamp":"2016-12-12T06:55:41.581Z"}
{"level":"info","message":"User neha is checking the items in his cart","timestamp":"2016-12-12T06:55:42.688Z"}
{"level":"info","message":"User neha is removing product 584e2545a110c418a4c60029 from his cart","timestamp":"2016-12-12T06:55:49.944Z"}
{"level":"info","message":"User neha is checking the items in his cart","timestamp":"2016-12-12T06:55:49.954Z"}
{"level":"info","message":"User neha is checking the items in his cart","timestamp":"2016-12-12T06:55:54.987Z"}
{"level":"info","message":"User neha is being redirected to homepage","timestamp":"2016-12-12T06:58:43.575Z"}
{"level":"info","message":"User neha is adding product584e23aca110c418a4c60026to his cart","timestamp":"2016-12-12T06:58:54.762Z"}
{"level":"info","message":"User neha is checking the items in his cart","timestamp":"2016-12-12T06:58:55.772Z"}
{"level":"info","message":"User neha is adding product584e23aca110c418a4c60026to his cart","timestamp":"2016-12-12T07:04:49.604Z"}
{"level":"info","message":"User neha is checking the items in his cart","timestamp":"2016-12-12T07:04:50.607Z"}
{"level":"info","message":"User neha is removing product 584e23aca110c418a4c60026 from his cart","timestamp":"2016-12-12T07:05:12.379Z"}
{"level":"info","message":"User neha is checking the items in his cart","timestamp":"2016-12-12T07:05:12.400Z"}
{"level":"info","message":"User neha is checking the items in his cart","timestamp":"2016-12-12T07:05:18.218Z"}
{"level":"info","message":"User neha is being redirected to homepage","timestamp":"2016-12-12T07:05:21.165Z"}
{"level":"info","message":"User neha is adding product584e23aca110c418a4c60026to his cart","timestamp":"2016-12-12T07:05:31.628Z"}
{"level":"info","message":"User neha is checking the items in his cart","timestamp":"2016-12-12T07:05:32.501Z"}
{"level":"info","message":"User neha is being redirected to homepage","timestamp":"2016-12-12T07:05:36.217Z"}
{"level":"info","message":"User neha is adding product584e257aa110c418a4c6002ato his cart","timestamp":"2016-12-12T07:05:44.851Z"}
{"level":"info","message":"User neha is checking the items in his cart","timestamp":"2016-12-12T07:05:45.829Z"}
{"level":"info","message":"User neha is removing product 584e257aa110c418a4c6002a from his cart","timestamp":"2016-12-12T07:05:52.579Z"}
{"level":"info","message":"User neha is checking the items in his cart","timestamp":"2016-12-12T07:05:52.590Z"}
{"level":"info","message":"User neha is checking the items in his cart","timestamp":"2016-12-12T07:05:58.861Z"}
{"level":"info","message":"User neha is ready to make a payment","timestamp":"2016-12-12T07:08:15.838Z"}
{"level":"info","message":"User neha is being redirected to homepage","timestamp":"2016-12-12T07:08:23.751Z"}
{"level":"info","message":"User neha is checking the items in his cart","timestamp":"2016-12-12T07:08:27.387Z"}
{"level":"info","message":"User neha is checking the items in his cart","timestamp":"2016-12-12T07:08:28.925Z"}
{"level":"info","message":"User neha is checking the items in his cart","timestamp":"2016-12-12T07:12:03.389Z"}
{"level":"info","message":"User neha is ready to make a payment","timestamp":"2016-12-12T07:12:10.315Z"}
{"level":"info","message":"User neha is being redirected to homepage","timestamp":"2016-12-12T07:12:15.258Z"}
{"level":"info","message":"User neha is being redirected to homepage","timestamp":"2016-12-12T07:12:31.238Z"}
{"level":"info","message":"User neha is trying to sell a product","timestamp":"2016-12-12T07:12:35.990Z"}
{"level":"info","message":"User neha is being redirected to homepage","timestamp":"2016-12-12T07:12:41.126Z"}
{"level":"info","message":"neha@neha.neha trying to login","timestamp":"2016-12-12T07:13:33.446Z"}
{"level":"info","message":"neha@neha.neha logged in","timestamp":"2016-12-12T07:13:34.184Z"}
{"level":"info","message":"User neha is being redirected to homepage","timestamp":"2016-12-12T07:13:34.240Z"}
{"level":"info","message":"User neha is checking the items in his cart","timestamp":"2016-12-12T07:13:42.522Z"}
{"level":"info","message":"User neha is checking the items in his cart","timestamp":"2016-12-12T07:14:59.930Z"}
{"level":"info","message":"User neha is checking the items in his cart","timestamp":"2016-12-12T07:15:25.000Z"}
{"level":"info","message":"User neha is being redirected to homepage","timestamp":"2016-12-12T07:15:30.834Z"}
{"level":"info","message":"User neha is checking the items in his cart","timestamp":"2016-12-12T07:15:35.002Z"}
{"level":"info","message":"User neha is being redirected to homepage","timestamp":"2016-12-12T07:15:38.931Z"}
{"level":"info","message":"User neha is being logged out","timestamp":"2016-12-12T07:15:44.390Z"}
{"level":"info","message":"Guest User  is being redirected to homepage","timestamp":"2016-12-12T07:15:44.409Z"}
{"level":"info","message":"neha@neha.neha trying to login","timestamp":"2016-12-12T07:15:59.733Z"}
{"level":"info","message":"neha@neha.neha logged in","timestamp":"2016-12-12T07:16:00.408Z"}
{"level":"info","message":"User neha is being redirected to homepage","timestamp":"2016-12-12T07:16:00.421Z"}
{"level":"info","message":"User neha is checking the items in his cart","timestamp":"2016-12-12T07:16:04.563Z"}
{"level":"info","message":"User neha is being redirected to homepage","timestamp":"2016-12-12T07:16:08.720Z"}
{"level":"info","message":"User neha is adding product584e2272a110c418a4c60024to his cart","timestamp":"2016-12-12T07:16:17.358Z"}
{"level":"info","message":"User neha is checking the items in his cart","timestamp":"2016-12-12T07:16:18.215Z"}
{"level":"info","message":"User neha is checking the items in his cart","timestamp":"2016-12-12T07:27:13.877Z"}
{"level":"info","message":"User neha is checking the items in his cart","timestamp":"2016-12-12T07:33:07.719Z"}
{"level":"info","message":"User neha is checking the items in his cart","timestamp":"2016-12-12T07:35:01.897Z"}
{"level":"info","message":"User neha is checking the items in his cart","timestamp":"2016-12-12T07:35:47.426Z"}
{"level":"info","message":"User neha is checking the items in his cart","timestamp":"2016-12-12T07:36:02.891Z"}
{"level":"info","message":"User neha is checking the items in his cart","timestamp":"2016-12-12T07:36:39.409Z"}
{"level":"info","message":"User neha is removing product 584e2272a110c418a4c60024 from his cart","timestamp":"2016-12-12T07:36:47.881Z"}
{"level":"info","message":"User neha is checking the items in his cart","timestamp":"2016-12-12T07:36:47.909Z"}
{"level":"info","message":"User neha is checking the items in his cart","timestamp":"2016-12-12T07:36:54.945Z"}
{"level":"info","message":"User neha is checking the items in his cart","timestamp":"2016-12-12T07:38:23.795Z"}
{"level":"info","message":"User neha is checking the items in his cart","timestamp":"2016-12-12T07:38:39.186Z"}
{"level":"info","message":"User neha is checking the items in his cart","timestamp":"2016-12-12T07:38:55.336Z"}
{"level":"info","message":"User neha is checking the items in his cart","timestamp":"2016-12-12T07:39:13.599Z"}
{"level":"info","message":"User neha is checking the items in his cart","timestamp":"2016-12-12T07:39:19.707Z"}
{"level":"info","message":"User neha is checking the items in his cart","timestamp":"2016-12-12T07:39:34.348Z"}
{"level":"info","message":"User neha is checking the items in his cart","timestamp":"2016-12-12T07:40:47.449Z"}
{"level":"info","message":"User neha is checking the items in his cart","timestamp":"2016-12-12T07:41:34.554Z"}
{"level":"info","message":"User neha is checking the items in his cart","timestamp":"2016-12-12T07:41:49.987Z"}
{"level":"info","message":"User neha is removing product 584e23aca110c418a4c60026 from his cart","timestamp":"2016-12-12T07:42:37.277Z"}
{"level":"info","message":"User neha is checking the items in his cart","timestamp":"2016-12-12T07:42:37.289Z"}
{"level":"info","message":"User neha is checking the items in his cart","timestamp":"2016-12-12T07:42:41.579Z"}
{"level":"info","message":"User neha is being redirected to homepage","timestamp":"2016-12-12T07:42:47.635Z"}
{"level":"info","message":"User neha is being redirected to homepage","timestamp":"2016-12-12T07:43:02.400Z"}
{"level":"info","message":"User neha is adding product584e2545a110c418a4c60029to his cart","timestamp":"2016-12-12T07:44:14.819Z"}
{"level":"info","message":"User neha is checking the items in his cart","timestamp":"2016-12-12T07:44:15.740Z"}
{"level":"info","message":"User neha is removing product 584e2545a110c418a4c60029 from his cart","timestamp":"2016-12-12T07:49:38.493Z"}
{"level":"info","message":"User neha is checking the items in his cart","timestamp":"2016-12-12T07:49:38.509Z"}
{"level":"info","message":"User neha is checking the items in his cart","timestamp":"2016-12-12T07:49:45.021Z"}
{"level":"info","message":"User neha is checking the items in his cart","timestamp":"2016-12-12T07:50:23.609Z"}
{"level":"info","message":"User neha is checking the items in his cart","timestamp":"2016-12-12T07:50:29.376Z"}
{"level":"info","message":"User neha is adding product584e2545a110c418a4c60029to his cart","timestamp":"2016-12-12T07:50:36.610Z"}
{"level":"info","message":"User neha is checking the items in his cart","timestamp":"2016-12-12T07:50:37.596Z"}
{"level":"info","message":"User neha is checking the items in his cart","timestamp":"2016-12-12T07:50:53.871Z"}
{"level":"info","message":"User neha is checking the items in his cart","timestamp":"2016-12-12T07:51:19.129Z"}
{"level":"info","message":"User neha is checking the items in his cart","timestamp":"2016-12-12T07:53:07.249Z"}
{"level":"info","message":"User neha is checking the items in his cart","timestamp":"2016-12-12T07:53:51.935Z"}
{"level":"info","message":"User neha is checking the items in his cart","timestamp":"2016-12-12T07:54:53.062Z"}
{"level":"info","message":"User neha is being redirected to homepage","timestamp":"2016-12-12T07:55:03.337Z"}
{"level":"info","message":"User neha is adding product584e257aa110c418a4c6002ato his cart","timestamp":"2016-12-12T07:55:15.014Z"}
{"level":"info","message":"User neha is checking the items in his cart","timestamp":"2016-12-12T07:55:15.815Z"}
{"level":"info","message":"User neha is checking the items in his cart","timestamp":"2016-12-12T07:55:25.382Z"}
{"level":"info","message":"User neha is checking the items in his cart","timestamp":"2016-12-12T07:55:54.607Z"}
{"level":"info","message":"User neha is checking the items in his cart","timestamp":"2016-12-12T07:56:11.933Z"}
{"level":"info","message":"User neha is checking the items in his cart","timestamp":"2016-12-12T07:58:44.378Z"}
{"level":"info","message":"User neha is checking the items in his cart","timestamp":"2016-12-12T07:59:22.620Z"}
{"level":"info","message":"User neha is checking the items in his cart","timestamp":"2016-12-12T08:00:58.613Z"}
{"level":"info","message":"User neha is checking the items in his cart","timestamp":"2016-12-12T08:01:26.231Z"}
{"level":"info","message":"User neha is checking the items in his cart","timestamp":"2016-12-12T08:04:14.275Z"}
{"level":"info","message":"User neha is being redirected to homepage","timestamp":"2016-12-12T08:05:26.879Z"}
{"level":"info","message":"User neha is being logged out","timestamp":"2016-12-12T08:05:34.605Z"}
{"level":"info","message":"Guest User  is being redirected to homepage","timestamp":"2016-12-12T08:05:34.652Z"}
{"level":"info","message":"neha@neha.neha trying to login","timestamp":"2016-12-12T08:06:10.803Z"}
{"level":"info","message":"neha@neha.neha logged in","timestamp":"2016-12-12T08:06:11.548Z"}
{"level":"info","message":"Guest User  is being redirected to homepage","timestamp":"2016-12-12T08:06:11.572Z"}
